 WARN [2014-04-28 11:01:49,095] (ComponentFactory.java:getComponentBean:1145) - Unable to get component for id 'ExternalDataSource': Unable to get bean for id 'ExternalDataSource'
 WARN [2014-04-28 11:01:49,106] (ComponentFactory.java:getComponentBean:1145) - Unable to get component for id 'SamlSsoConfig': Unable to get bean for id 'SamlSsoConfig'
 WARN [2014-04-28 11:01:50,472] (ComponentFactory.java:getComponentBean:1145) - Unable to get component for id 'ExternalDataSource': Unable to get bean for id 'ExternalDataSource'
 WARN [2014-04-28 11:01:50,481] (ComponentFactory.java:getComponentBean:1145) - Unable to get component for id 'SamlSsoConfig': Unable to get bean for id 'SamlSsoConfig'
 WARN [2014-04-28 11:01:54,667] (Utils.java:loadDocument:823) - Unable to load document: D:\new git\eclipse test\.metadata\.plugins\com.salesforce.ide.core\packageCache.xml (The system cannot find the file specified)
 WARN [2014-04-28 11:01:55,849] (ComponentFactory.java:getComponentBean:1145) - Unable to get component for id 'ExternalDataSource': Unable to get bean for id 'ExternalDataSource'
 WARN [2014-04-28 11:01:55,859] (ComponentFactory.java:getComponentBean:1145) - Unable to get component for id 'SamlSsoConfig': Unable to get bean for id 'SamlSsoConfig'
 WARN [2014-04-28 11:01:57,227] (ComponentFactory.java:getComponentBean:1145) - Unable to get component for id 'ExternalDataSource': Unable to get bean for id 'ExternalDataSource'
 WARN [2014-04-28 11:01:57,235] (ComponentFactory.java:getComponentBean:1145) - Unable to get component for id 'SamlSsoConfig': Unable to get bean for id 'SamlSsoConfig'
 WARN [2014-04-28 11:01:58,406] (ComponentFactory.java:getComponentBean:1145) - Unable to get component for id 'ExternalDataSource': Unable to get bean for id 'ExternalDataSource'
 WARN [2014-04-28 11:01:58,414] (ComponentFactory.java:getComponentBean:1145) - Unable to get component for id 'SamlSsoConfig': Unable to get bean for id 'SamlSsoConfig'
 WARN [2014-04-28 11:01:59,373] (ComponentFactory.java:getComponentBean:1145) - Unable to get component for id 'ExternalDataSource': Unable to get bean for id 'ExternalDataSource'
 WARN [2014-04-28 11:01:59,382] (ComponentFactory.java:getComponentBean:1145) - Unable to get component for id 'SamlSsoConfig': Unable to get bean for id 'SamlSsoConfig'
 WARN [2014-04-28 11:02:00,605] (ComponentFactory.java:getComponentBean:1145) - Unable to get component for id 'ExternalDataSource': Unable to get bean for id 'ExternalDataSource'
 WARN [2014-04-28 11:02:00,620] (ComponentFactory.java:getComponentBean:1145) - Unable to get component for id 'SamlSsoConfig': Unable to get bean for id 'SamlSsoConfig'
 WARN [2014-04-28 11:02:44,097] (MetadataStubExt.java:tryOneByOne:410) - INVALID_TYPE: Cannot use: WorkflowKnowledgePublish in this organization
 WARN [2014-04-28 11:02:47,320] (ComponentFactory.java:getComponentBean:1145) - Unable to get component for id 'BusinessProcess': Unable to get bean for id 'BusinessProcess'
 WARN [2014-04-28 11:02:47,597] (ComponentFactory.java:getComponentBean:1145) - Unable to get component for id 'CustomField': Unable to get bean for id 'CustomField'
 WARN [2014-04-28 11:02:47,634] (ComponentFactory.java:getComponentBean:1145) - Unable to get component for id 'CustomLabel': Unable to get bean for id 'CustomLabel'
 WARN [2014-04-28 11:02:48,352] (ComponentFactory.java:getComponentBean:1145) - Unable to get component for id 'ExternalDataSource': Unable to get bean for id 'ExternalDataSource'
 WARN [2014-04-28 11:02:48,358] (ComponentFactory.java:getComponentBean:1145) - Unable to get component for id 'SamlSsoConfig': Unable to get bean for id 'SamlSsoConfig'
 WARN [2014-04-28 11:02:49,603] (ComponentFactory.java:getComponentBean:1145) - Unable to get component for id 'ExternalDataSource': Unable to get bean for id 'ExternalDataSource'
 WARN [2014-04-28 11:02:49,611] (ComponentFactory.java:getComponentBean:1145) - Unable to get component for id 'SamlSsoConfig': Unable to get bean for id 'SamlSsoConfig'
 WARN [2014-04-28 11:02:51,015] (ComponentFactory.java:getComponentBean:1145) - Unable to get component for id 'ExternalDataSource': Unable to get bean for id 'ExternalDataSource'
 WARN [2014-04-28 11:02:51,022] (ComponentFactory.java:getComponentBean:1145) - Unable to get component for id 'SamlSsoConfig': Unable to get bean for id 'SamlSsoConfig'
 WARN [2014-04-28 11:02:51,805] (ComponentFactory.java:getComponentBean:1145) - Unable to get component for id 'ExternalDataSource': Unable to get bean for id 'ExternalDataSource'
 WARN [2014-04-28 11:02:51,829] (ComponentFactory.java:getComponentBean:1145) - Unable to get component for id 'FieldSet': Unable to get bean for id 'FieldSet'
 WARN [2014-04-28 11:02:52,041] (ComponentFactory.java:getComponentBean:1145) - Unable to get component for id 'ListView': Unable to get bean for id 'ListView'
 WARN [2014-04-28 11:02:52,088] (ComponentFactory.java:getComponentBean:1145) - Unable to get component for id 'NamedFilter': Unable to get bean for id 'NamedFilter'
 WARN [2014-04-28 11:02:52,272] (ComponentFactory.java:getComponentBean:1145) - Unable to get component for id 'RecordType': Unable to get bean for id 'RecordType'
 WARN [2014-04-28 11:02:52,998] (ComponentFactory.java:getComponentBean:1145) - Unable to get component for id 'ExternalDataSource': Unable to get bean for id 'ExternalDataSource'
 WARN [2014-04-28 11:02:53,004] (ComponentFactory.java:getComponentBean:1145) - Unable to get component for id 'SamlSsoConfig': Unable to get bean for id 'SamlSsoConfig'
 WARN [2014-04-28 11:02:53,577] (ComponentFactory.java:getComponentBean:1145) - Unable to get component for id 'SamlSsoConfig': Unable to get bean for id 'SamlSsoConfig'
 WARN [2014-04-28 11:02:53,646] (ComponentFactory.java:getComponentBean:1145) - Unable to get component for id 'SharingReason': Unable to get bean for id 'SharingReason'
 WARN [2014-04-28 11:02:53,738] (ComponentFactory.java:getComponentBean:1145) - Unable to get component for id 'ValidationRule': Unable to get bean for id 'ValidationRule'
 WARN [2014-04-28 11:02:53,762] (ComponentFactory.java:getComponentBean:1145) - Unable to get component for id 'WebLink': Unable to get bean for id 'WebLink'
 WARN [2014-04-28 11:02:53,809] (ComponentFactory.java:getComponentBean:1145) - Unable to get component for id 'WorkflowAlert': Unable to get bean for id 'WorkflowAlert'
 WARN [2014-04-28 11:02:53,836] (ComponentFactory.java:getComponentBean:1145) - Unable to get component for id 'WorkflowFieldUpdate': Unable to get bean for id 'WorkflowFieldUpdate'
 WARN [2014-04-28 11:02:53,861] (ComponentFactory.java:getComponentBean:1145) - Unable to get component for id 'WorkflowKnowledgePublish': Unable to get bean for id 'WorkflowKnowledgePublish'
 WARN [2014-04-28 11:02:53,884] (ComponentFactory.java:getComponentBean:1145) - Unable to get component for id 'WorkflowOutboundMessage': Unable to get bean for id 'WorkflowOutboundMessage'
 WARN [2014-04-28 11:02:53,908] (ComponentFactory.java:getComponentBean:1145) - Unable to get component for id 'WorkflowRule': Unable to get bean for id 'WorkflowRule'
 WARN [2014-04-28 11:02:53,932] (ComponentFactory.java:getComponentBean:1145) - Unable to get component for id 'WorkflowSend': Unable to get bean for id 'WorkflowSend'
 WARN [2014-04-28 11:02:53,956] (ComponentFactory.java:getComponentBean:1145) - Unable to get component for id 'WorkflowTask': Unable to get bean for id 'WorkflowTask'
 WARN [2014-04-28 11:02:54,171] (ComponentFactory.java:getComponentBean:1145) - Unable to get component for id 'ExternalDataSource': Unable to get bean for id 'ExternalDataSource'
 WARN [2014-04-28 11:02:54,215] (ComponentFactory.java:getComponentBean:1145) - Unable to get component for id 'SamlSsoConfig': Unable to get bean for id 'SamlSsoConfig'
 WARN [2014-04-28 11:08:57,445] (ComponentFactory.java:getComponentByFilePath:613) - No id found for filepath 'modules/Dataloader_Bulk_oauth/ConnectivityDevConfigs/Dataloader_Bulk_oauth_devConfig.ConnectivityDevConfig', tagging as component of type 'Unknown'
 WARN [2014-04-28 11:08:57,455] (ComponentFactory.java:getComponentByFilePath:613) - No id found for filepath 'modules/Dataloader_Bulk_oauth/modules/sf_com_apps__Dataloader_Bulk_oauth', tagging as component of type 'Unknown'
 WARN [2014-04-28 11:08:57,456] (ComponentFactory.java:getComponentByFilePath:613) - No id found for filepath 'applicationManifests/Dataloader_Bulk', tagging as component of type 'Unknown'
 WARN [2014-04-28 11:08:57,457] (ComponentFactory.java:getComponentByFilePath:613) - No id found for filepath 'modules/Dataloader_P5r_oauth/ConnectivityDevConfigs/Dataloader_P5r_oauth_devConfig.ConnectivityDevConfig', tagging as component of type 'Unknown'
 WARN [2014-04-28 11:08:57,458] (ComponentFactory.java:getComponentByFilePath:613) - No id found for filepath 'modules/Dataloader_P5r_oauth/modules/sf_com_apps__Dataloader_P5r_oauth', tagging as component of type 'Unknown'
 WARN [2014-04-28 11:08:57,460] (ComponentFactory.java:getComponentByFilePath:613) - No id found for filepath 'applicationManifests/Dataloader_Partner', tagging as component of type 'Unknown'
 WARN [2014-04-28 11:08:57,461] (ComponentFactory.java:getComponentByFilePath:613) - No id found for filepath 'modules/Forcecom_IDE_oauth/ConnectivityDevConfigs/Forcecom_IDE_oauth_devConfig.ConnectivityDevConfig', tagging as component of type 'Unknown'
 WARN [2014-04-28 11:08:57,462] (ComponentFactory.java:getComponentByFilePath:613) - No id found for filepath 'modules/Forcecom_IDE_oauth/modules/sf_com_apps__Forcecom_IDE_oauth', tagging as component of type 'Unknown'
 WARN [2014-04-28 11:08:57,465] (ComponentFactory.java:getComponentByFilePath:613) - No id found for filepath 'applicationManifests/Forcecom_IDE', tagging as component of type 'Unknown'
 WARN [2014-04-28 11:08:57,467] (ComponentFactory.java:getComponentByFilePath:613) - No id found for filepath 'modules/Forcecom_Migration_Tool_oauth/ConnectivityDevConfigs/Forcecom_Migration_Tool_oauth_devConfig.ConnectivityDevConfig', tagging as component of type 'Unknown'
 WARN [2014-04-28 11:08:57,468] (ComponentFactory.java:getComponentByFilePath:613) - No id found for filepath 'modules/Forcecom_Migration_Tool_oauth/modules/sf_com_apps__Forcecom_Migration_Tool_oauth', tagging as component of type 'Unknown'
 WARN [2014-04-28 11:08:57,469] (ComponentFactory.java:getComponentByFilePath:613) - No id found for filepath 'applicationManifests/Forcecom_Migration_Tool', tagging as component of type 'Unknown'
 WARN [2014-04-28 11:08:57,471] (ComponentFactory.java:getComponentByFilePath:613) - No id found for filepath 'modules/S8e_M4e_Dashboards_oauth/ConnectivityDevConfigs/S8e_M4e_Dashboards_oauth_devConfig.ConnectivityDevConfig', tagging as component of type 'Unknown'
 WARN [2014-04-28 11:08:57,472] (ComponentFactory.java:getComponentByFilePath:613) - No id found for filepath 'modules/S8e_M4e_Dashboards_oauth/modules/sf_com_apps__S8e_M4e_Dashboards_oauth', tagging as component of type 'Unknown'
 WARN [2014-04-28 11:08:57,473] (ComponentFactory.java:getComponentByFilePath:613) - No id found for filepath 'applicationManifests/Salesforce_Mobile_Dashboards', tagging as component of type 'Unknown'
 WARN [2014-04-28 11:08:57,474] (ComponentFactory.java:getComponentByFilePath:613) - No id found for filepath 'modules/S8e_T3h_oauth/ConnectivityDevConfigs/S8e_T3h_oauth_devConfig.ConnectivityDevConfig', tagging as component of type 'Unknown'
 WARN [2014-04-28 11:08:57,475] (ComponentFactory.java:getComponentByFilePath:613) - No id found for filepath 'modules/S8e_T3h_oauth/modules/sf_com_apps__S8e_T3h_oauth', tagging as component of type 'Unknown'
 WARN [2014-04-28 11:08:57,476] (ComponentFactory.java:getComponentByFilePath:613) - No id found for filepath 'applicationManifests/Salesforce_Touch', tagging as component of type 'Unknown'
 WARN [2014-04-28 11:08:57,478] (ComponentFactory.java:getComponentByFilePath:613) - No id found for filepath 'modules/S8e_for_Outlook_oauth/ConnectivityDevConfigs/S8e_for_Outlook_oauth_devConfig.ConnectivityDevConfig', tagging as component of type 'Unknown'
 WARN [2014-04-28 11:08:57,479] (ComponentFactory.java:getComponentByFilePath:613) - No id found for filepath 'modules/S8e_for_Outlook_oauth/modules/sf_com_apps__S8e_for_Outlook_oauth', tagging as component of type 'Unknown'
 WARN [2014-04-28 11:08:57,480] (ComponentFactory.java:getComponentByFilePath:613) - No id found for filepath 'applicationManifests/Salesforce_for_Outlook', tagging as component of type 'Unknown'
 WARN [2014-04-28 11:08:57,481] (ComponentFactory.java:getComponentByFilePath:613) - No id found for filepath 'modules/Workbench_oauth_c4s/Canvases/Workbench_oauth_c4sCanvas.Canvas', tagging as component of type 'Unknown'
 WARN [2014-04-28 11:08:57,482] (ComponentFactory.java:getComponentByFilePath:613) - No id found for filepath 'modules/Workbench_oauth_c4s/modules/sf_com_apps__Workbench_oauth_c4s', tagging as component of type 'Unknown'
 WARN [2014-04-28 11:08:57,483] (ComponentFactory.java:getComponentByFilePath:613) - No id found for filepath 'modules/Workbench_oauth/ConnectivityDevConfigs/Workbench_oauth_devConfig.ConnectivityDevConfig', tagging as component of type 'Unknown'
 WARN [2014-04-28 11:08:57,484] (ComponentFactory.java:getComponentByFilePath:613) - No id found for filepath 'modules/Workbench_oauth/modules/sf_com_apps__Workbench_oauth', tagging as component of type 'Unknown'
 WARN [2014-04-28 11:08:57,485] (ComponentFactory.java:getComponentByFilePath:613) - No id found for filepath 'applicationManifests/Workbench', tagging as component of type 'Unknown'
ERROR [2014-04-28 11:08:57,487] (ProjectPackageList.java:generateComponents:473) - Filepath-zip mapping is null or empty for package 'Salesforce Connected Apps' [0A3M0000000D2OkKAK] - skipping component generation
 WARN [2014-04-28 11:08:59,057] (ProjectPackageList.java:saveResources:1153) - Component list in project package 'Salesforce Connected Apps' is empty.  No resources to save.
 WARN [2014-04-28 11:09:12,690] (IntroEditorInput.java:loadDocument:130) - org.xml.sax.SAXParseException: The entity name must immediately follow the '&' in the entity reference.
 WARN [2014-04-28 11:19:48,452] (ComponentFactory.java:getComponentByFilePath:613) - No id found for filepath 'modules/Dataloader_Bulk_oauth/ConnectivityDevConfigs/Dataloader_Bulk_oauth_devConfig.ConnectivityDevConfig', tagging as component of type 'Unknown'
 WARN [2014-04-28 11:19:48,456] (ComponentFactory.java:getComponentByFilePath:613) - No id found for filepath 'modules/Dataloader_Bulk_oauth/modules/sf_com_apps__Dataloader_Bulk_oauth', tagging as component of type 'Unknown'
 WARN [2014-04-28 11:19:48,457] (ComponentFactory.java:getComponentByFilePath:613) - No id found for filepath 'applicationManifests/Dataloader_Bulk', tagging as component of type 'Unknown'
 WARN [2014-04-28 11:19:48,458] (ComponentFactory.java:getComponentByFilePath:613) - No id found for filepath 'modules/Dataloader_P5r_oauth/ConnectivityDevConfigs/Dataloader_P5r_oauth_devConfig.ConnectivityDevConfig', tagging as component of type 'Unknown'
 WARN [2014-04-28 11:19:48,459] (ComponentFactory.java:getComponentByFilePath:613) - No id found for filepath 'modules/Dataloader_P5r_oauth/modules/sf_com_apps__Dataloader_P5r_oauth', tagging as component of type 'Unknown'
 WARN [2014-04-28 11:19:48,460] (ComponentFactory.java:getComponentByFilePath:613) - No id found for filepath 'applicationManifests/Dataloader_Partner', tagging as component of type 'Unknown'
 WARN [2014-04-28 11:19:48,461] (ComponentFactory.java:getComponentByFilePath:613) - No id found for filepath 'modules/Forcecom_IDE_oauth/ConnectivityDevConfigs/Forcecom_IDE_oauth_devConfig.ConnectivityDevConfig', tagging as component of type 'Unknown'
 WARN [2014-04-28 11:19:48,461] (ComponentFactory.java:getComponentByFilePath:613) - No id found for filepath 'modules/Forcecom_IDE_oauth/modules/sf_com_apps__Forcecom_IDE_oauth', tagging as component of type 'Unknown'
 WARN [2014-04-28 11:19:48,462] (ComponentFactory.java:getComponentByFilePath:613) - No id found for filepath 'applicationManifests/Forcecom_IDE', tagging as component of type 'Unknown'
 WARN [2014-04-28 11:19:48,463] (ComponentFactory.java:getComponentByFilePath:613) - No id found for filepath 'modules/Forcecom_Migration_Tool_oauth/ConnectivityDevConfigs/Forcecom_Migration_Tool_oauth_devConfig.ConnectivityDevConfig', tagging as component of type 'Unknown'
 WARN [2014-04-28 11:19:48,464] (ComponentFactory.java:getComponentByFilePath:613) - No id found for filepath 'modules/Forcecom_Migration_Tool_oauth/modules/sf_com_apps__Forcecom_Migration_Tool_oauth', tagging as component of type 'Unknown'
 WARN [2014-04-28 11:19:48,465] (ComponentFactory.java:getComponentByFilePath:613) - No id found for filepath 'applicationManifests/Forcecom_Migration_Tool', tagging as component of type 'Unknown'
 WARN [2014-04-28 11:19:48,466] (ComponentFactory.java:getComponentByFilePath:613) - No id found for filepath 'modules/S8e_M4e_Dashboards_oauth/ConnectivityDevConfigs/S8e_M4e_Dashboards_oauth_devConfig.ConnectivityDevConfig', tagging as component of type 'Unknown'
 WARN [2014-04-28 11:19:48,467] (ComponentFactory.java:getComponentByFilePath:613) - No id found for filepath 'modules/S8e_M4e_Dashboards_oauth/modules/sf_com_apps__S8e_M4e_Dashboards_oauth', tagging as component of type 'Unknown'
 WARN [2014-04-28 11:19:48,468] (ComponentFactory.java:getComponentByFilePath:613) - No id found for filepath 'applicationManifests/Salesforce_Mobile_Dashboards', tagging as component of type 'Unknown'
 WARN [2014-04-28 11:19:48,469] (ComponentFactory.java:getComponentByFilePath:613) - No id found for filepath 'modules/S8e_T3h_oauth/ConnectivityDevConfigs/S8e_T3h_oauth_devConfig.ConnectivityDevConfig', tagging as component of type 'Unknown'
 WARN [2014-04-28 11:19:48,470] (ComponentFactory.java:getComponentByFilePath:613) - No id found for filepath 'modules/S8e_T3h_oauth/modules/sf_com_apps__S8e_T3h_oauth', tagging as component of type 'Unknown'
 WARN [2014-04-28 11:19:48,471] (ComponentFactory.java:getComponentByFilePath:613) - No id found for filepath 'applicationManifests/Salesforce_Touch', tagging as component of type 'Unknown'
 WARN [2014-04-28 11:19:48,472] (ComponentFactory.java:getComponentByFilePath:613) - No id found for filepath 'modules/S8e_for_Outlook_oauth/ConnectivityDevConfigs/S8e_for_Outlook_oauth_devConfig.ConnectivityDevConfig', tagging as component of type 'Unknown'
 WARN [2014-04-28 11:19:48,472] (ComponentFactory.java:getComponentByFilePath:613) - No id found for filepath 'modules/S8e_for_Outlook_oauth/modules/sf_com_apps__S8e_for_Outlook_oauth', tagging as component of type 'Unknown'
 WARN [2014-04-28 11:19:48,473] (ComponentFactory.java:getComponentByFilePath:613) - No id found for filepath 'applicationManifests/Salesforce_for_Outlook', tagging as component of type 'Unknown'
 WARN [2014-04-28 11:19:48,474] (ComponentFactory.java:getComponentByFilePath:613) - No id found for filepath 'modules/Workbench_oauth_c4s/Canvases/Workbench_oauth_c4sCanvas.Canvas', tagging as component of type 'Unknown'
 WARN [2014-04-28 11:19:48,475] (ComponentFactory.java:getComponentByFilePath:613) - No id found for filepath 'modules/Workbench_oauth_c4s/modules/sf_com_apps__Workbench_oauth_c4s', tagging as component of type 'Unknown'
 WARN [2014-04-28 11:19:48,476] (ComponentFactory.java:getComponentByFilePath:613) - No id found for filepath 'modules/Workbench_oauth/ConnectivityDevConfigs/Workbench_oauth_devConfig.ConnectivityDevConfig', tagging as component of type 'Unknown'
 WARN [2014-04-28 11:19:48,477] (ComponentFactory.java:getComponentByFilePath:613) - No id found for filepath 'modules/Workbench_oauth/modules/sf_com_apps__Workbench_oauth', tagging as component of type 'Unknown'
 WARN [2014-04-28 11:19:48,478] (ComponentFactory.java:getComponentByFilePath:613) - No id found for filepath 'applicationManifests/Workbench', tagging as component of type 'Unknown'
ERROR [2014-04-28 11:19:48,479] (ProjectPackageList.java:generateComponents:473) - Filepath-zip mapping is null or empty for package 'Salesforce Connected Apps' [0A3M0000000D2OkKAK] - skipping component generation
 WARN [2014-04-28 11:19:50,589] (ProjectPackageList.java:saveResources:1153) - Component list in project package 'Salesforce Connected Apps' is empty.  No resources to save.
 WARN [2014-04-28 11:22:08,411] (ComponentFactory.java:getComponentBean:1145) - Unable to get component for id 'ExternalDataSource': Unable to get bean for id 'ExternalDataSource'
 WARN [2014-04-28 11:22:08,433] (ComponentFactory.java:getComponentBean:1145) - Unable to get component for id 'SamlSsoConfig': Unable to get bean for id 'SamlSsoConfig'
 WARN [2014-04-28 11:25:24,213] (ProjectCustomComponentsComposite.java:resourceChanged:153) - Unable to determine if project has 'com.salesforce.ide.nature.default' nature: Resource '/Yousee test' does not exist. Cause:
 (1) Resource '/Yousee test' does not exist.
 WARN [2014-04-28 11:30:13,484] (ConnectionFactory.java:clearCache:212) - Clearing the following cached connections
 WARN [2014-04-28 11:30:13,485] (DescribeObjectRegistry.java:clearCache:657) - Clearing cached describes
 WARN [2014-04-28 11:30:13,485] (MetadataFactory.java:clearCache:123) - Clearing the following cached metadata stubs
